Using pre-set license
Built from '2020.3/staging' branch; Version is '2020.3.5f1 (8095aa901b9b) revision 8426922'; Using compiler version '192528614'; Build Type 'Release'
OS: 'Windows 10 Pro; OS build 19042.1348; Version 2009; 64bit' Language: 'en' Physical Memory: 8081 MB
BatchMode: 1, IsHumanControllingUs: 0, StartBugReporterOnCrash: 0, Is64bit: 1, IsPro: 0

 COMMAND LINE ARGUMENTS:
C:\Program Files\2020.3.5f1\Editor\Unity.exe
-adb2
-batchMode
-noUpm
-name
AssetImportWorker0
-projectPath
D:/3_course/КМС/UnityProj
-logFile
Logs/AssetImportWorker0.log
-srvPort
49782
Successfully changed project path to: D:/3_course/КМС/UnityProj
D:/3_course/КМС/UnityProj
Using Asset Import Pipeline V2.
Refreshing native plugins compatible for Editor in 21.43 ms, found 0 plugins.
Preloading 0 native plugins for Editor in 0.00 ms.
Initialize engine version: 2020.3.5f1 (8095aa901b9b)
[Subsystems] Discovering subsystems at path C:/Program Files/2020.3.5f1/Editor/Data/Resources/UnitySubsystems
[Subsystems] Discovering subsystems at path D:/3_course/КМС/UnityProj/Assets
GfxDevice: creating device client; threaded=0
Direct3D:
    Version:  Direct3D 11.0 [level 11.1]
    Renderer: NVIDIA GeForce GTX 1050 (ID=0x1c8d)
    Vendor:   
    VRAM:     4019 MB
    Driver:   27.21.14.6280
Initialize mono
Mono path[0] = 'C:/Program Files/2020.3.5f1/Editor/Data/Managed'
Mono path[1] = 'C:/Program Files/2020.3.5f1/Editor/Data/MonoBleedingEdge/lib/mono/unityjit'
Mono config path = 'C:/Program Files/2020.3.5f1/Editor/Data/MonoBleedingEdge/etc'
Using monoOptions --debugger-agent=transport=dt_socket,embedding=1,server=y,suspend=n,address=127.0.0.1:56568
Begin MonoManager ReloadAssembly
Registering precompiled unity dll's ...
Register platform support module: C:/Program Files/2020.3.5f1/Editor/Data/PlaybackEngines/WebGLSupport/UnityEditor.WebGL.Extensions.dll
Register platform support module: C:/Program Files/2020.3.5f1/Editor/Data/PlaybackEngines/WindowsStandaloneSupport/UnityEditor.WindowsStandalone.Extensions.dll
Registered in 0.001903 seconds.
Native extension for WindowsStandalone target not found
Native extension for WebGL target not found
Refreshing native plugins compatible for Editor in 20.90 ms, found 0 plugins.
Preloading 0 native plugins for Editor in 0.00 ms.
Mono: successfully reloaded assembly
- Completed reload, in  0.961 seconds
Platform modules already initialized, skipping
Registering precompiled user dll's ...
Registered in 0.000394 seconds.
Begin MonoManager ReloadAssembly
Native extension for WindowsStandalone target not found
Native extension for WebGL target not found
Refreshing native plugins compatible for Editor in 0.19 ms, found 0 plugins.
Preloading 0 native plugins for Editor in 0.00 ms.
Mono: successfully reloaded assembly
- Completed reload, in  0.748 seconds
Platform modules already initialized, skipping
========================================================================
Worker process is ready to serve import requests
Launched and connected shader compiler UnityShaderCompiler.exe after 0.07 seconds
Refreshing native plugins compatible for Editor in 0.18 ms, found 0 plugins.
Preloading 0 native plugins for Editor in 0.00 ms.
Unloading 1118 Unused Serialized files (Serialized files now loaded: 0)
System memory in use before: 57.3 MB.
System memory in use after: 57.3 MB.

Unloading 10 unused Assets to reduce memory usage. Loaded Objects now: 1561.
Total: 2.340400 ms (FindLiveObjects: 0.311600 ms CreateObjectMapping: 0.097800 ms MarkObjects: 1.848000 ms  DeleteObjects: 0.081300 ms)

========================================================================
Received Import Request.
  path: Assets/Meshes/Materials/rama.mat
  artifactKey: Guid(523fe8abf81ea654388bc7c2d518b329) Importer(815301076,1909f56bfc062723c751e8b465ee728b)
Start importing Assets/Meshes/Materials/rama.mat using Guid(523fe8abf81ea654388bc7c2d518b329) Importer(815301076,1909f56bfc062723c751e8b465ee728b)  -> (artifact id: '075a461475982b3566048bf800960498') in 0.153929 seconds
  Import took 0.155778 seconds .

========================================================================
Received Import Request.
  Time since last request: 0.000272 seconds.
  path: Assets/Meshes/Materials/door.mat
  artifactKey: Guid(4e03bb3dcf3c43b419aa6841d07ba683) Importer(815301076,1909f56bfc062723c751e8b465ee728b)
Start importing Assets/Meshes/Materials/door.mat using Guid(4e03bb3dcf3c43b419aa6841d07ba683) Importer(815301076,1909f56bfc062723c751e8b465ee728b)  -> (artifact id: 'ed581bbb4883d4d145b0df98cd54cb74') in 0.019428 seconds
  Import took 0.021106 seconds .

========================================================================
Received Import Request.
  Time since last request: 0.000198 seconds.
  path: Assets/Meshes/Materials/room.mat
  artifactKey: Guid(ba463efddc5b60d42baf58db3551ac69) Importer(815301076,1909f56bfc062723c751e8b465ee728b)
Start importing Assets/Meshes/Materials/room.mat using Guid(ba463efddc5b60d42baf58db3551ac69) Importer(815301076,1909f56bfc062723c751e8b465ee728b)  -> (artifact id: '915ca8ba3970a24f4fa55b6da5eb5aca') in 0.022633 seconds
  Import took 0.024883 seconds .

========================================================================
Received Import Request.
  Time since last request: 0.000632 seconds.
  path: Assets/Meshes/Materials/glass.001.mat
  artifactKey: Guid(6a6078ddb0b26f849be80a9fe11f1ff1) Importer(815301076,1909f56bfc062723c751e8b465ee728b)
Start importing Assets/Meshes/Materials/glass.001.mat using Guid(6a6078ddb0b26f849be80a9fe11f1ff1) Importer(815301076,1909f56bfc062723c751e8b465ee728b)  -> (artifact id: 'b0eea47af33bcabf3617999f964bcbe7') in 0.022918 seconds
  Import took 0.025496 seconds .

========================================================================
Received Import Request.
  Time since last request: 0.000272 seconds.
  path: Assets/Meshes/Materials
  artifactKey: Guid(b621b7ea1ba8f144e9482a5faa51bc71) Importer(815301076,1909f56bfc062723c751e8b465ee728b)
Start importing Assets/Meshes/Materials using Guid(b621b7ea1ba8f144e9482a5faa51bc71) Importer(815301076,1909f56bfc062723c751e8b465ee728b)  -> (artifact id: '1a10bd5ca97d2e9dc9347ce7d8b1996e') in 0.004860 seconds
  Import took 0.007438 seconds .

========================================================================
Received Import Request.
  Time since last request: 0.000219 seconds.
  path: Assets/Meshes/Materials/door_glass.mat
  artifactKey: Guid(0d8084459c37a6d4c9fc69b37b01db99) Importer(815301076,1909f56bfc062723c751e8b465ee728b)
Start importing Assets/Meshes/Materials/door_glass.mat using Guid(0d8084459c37a6d4c9fc69b37b01db99) Importer(815301076,1909f56bfc062723c751e8b465ee728b)  -> (artifact id: '2874bd8e6e45116e78c7bff181f5a37e') in 0.010034 seconds
  Import took 0.012247 seconds .

========================================================================
Received Import Request.
  Time since last request: 0.000356 seconds.
  path: Assets/Meshes/Materials/floor.mat
  artifactKey: Guid(53dc401355de5804fb578592ca6868e8) Importer(815301076,1909f56bfc062723c751e8b465ee728b)
Start importing Assets/Meshes/Materials/floor.mat using Guid(53dc401355de5804fb578592ca6868e8) Importer(815301076,1909f56bfc062723c751e8b465ee728b)  -> (artifact id: '7818dd71af283ae4dccc3270c9a63e50') in 0.010307 seconds
  Import took 0.012163 seconds .

========================================================================
Received Import Request.
  Time since last request: 0.000212 seconds.
  path: Assets/Meshes/Materials/ruchka.mat
  artifactKey: Guid(35622acc29b652147b91da4f51927eb6) Importer(815301076,1909f56bfc062723c751e8b465ee728b)
Start importing Assets/Meshes/Materials/ruchka.mat using Guid(35622acc29b652147b91da4f51927eb6) Importer(815301076,1909f56bfc062723c751e8b465ee728b)  -> (artifact id: '8f7af86b789d16b5b750656ae9838496') in 0.012779 seconds
  Import took 0.014719 seconds .

========================================================================
Received Import Request.
  Time since last request: 0.000237 seconds.
  path: Assets/Meshes/Materials/parket.mat
  artifactKey: Guid(d2463873560928e4d8c432d9ef08abd5) Importer(815301076,1909f56bfc062723c751e8b465ee728b)
Start importing Assets/Meshes/Materials/parket.mat using Guid(d2463873560928e4d8c432d9ef08abd5) Importer(815301076,1909f56bfc062723c751e8b465ee728b)  -> (artifact id: '2ff7ff6ce8db412f510967be42636daf') in 0.009924 seconds
  Import took 0.011780 seconds .

========================================================================
Received Import Request.
  Time since last request: 0.000200 seconds.
  path: Assets/Meshes/Materials/map.mat
  artifactKey: Guid(c61a163e900604f47a56721e8ed60933) Importer(815301076,1909f56bfc062723c751e8b465ee728b)
Start importing Assets/Meshes/Materials/map.mat using Guid(c61a163e900604f47a56721e8ed60933) Importer(815301076,1909f56bfc062723c751e8b465ee728b)  -> (artifact id: '845f6d0fcefa0a8f0b40bfed1d41b678') in 0.009661 seconds
  Import took 0.012085 seconds .

========================================================================
Received Import Request.
  Time since last request: 62.361489 seconds.
  path: Assets/Meshes/Materials/floor.jpg
  artifactKey: Guid(7b96824c93ff1b94aa9d86c0d583fe71) Importer(815301076,1909f56bfc062723c751e8b465ee728b)
Start importing Assets/Meshes/Materials/floor.jpg using Guid(7b96824c93ff1b94aa9d86c0d583fe71) Importer(815301076,1909f56bfc062723c751e8b465ee728b)  -> (artifact id: 'f32b8d09a3fd1dba47cf3230be924631') in 0.090753 seconds
  Import took 0.093411 seconds .

========================================================================
Received Import Request.
  Time since last request: 0.000224 seconds.
  path: Assets/Meshes/Materials/window.jpg
  artifactKey: Guid(f1d1231707274c54a9687f3f333fe9ee) Importer(815301076,1909f56bfc062723c751e8b465ee728b)
Start importing Assets/Meshes/Materials/window.jpg using Guid(f1d1231707274c54a9687f3f333fe9ee) Importer(815301076,1909f56bfc062723c751e8b465ee728b)  -> (artifact id: 'bdd115afbea829e3daca2b111aa33b12') in 0.015484 seconds
  Import took 0.017851 seconds .

========================================================================
Received Import Request.
  Time since last request: 0.000196 seconds.
  path: Assets/Meshes/Materials/kover.jpg
  artifactKey: Guid(1945e9856b909f14cb96d408c0234e14) Importer(815301076,1909f56bfc062723c751e8b465ee728b)
Start importing Assets/Meshes/Materials/kover.jpg using Guid(1945e9856b909f14cb96d408c0234e14) Importer(815301076,1909f56bfc062723c751e8b465ee728b)  -> (artifact id: '8b9e0bdeb590655baccc4eb63e78ef17') in 0.026446 seconds
  Import took 0.029309 seconds .

========================================================================
Received Import Request.
  Time since last request: 0.000230 seconds.
  path: Assets/Meshes/Materials/parket.jpg
  artifactKey: Guid(38d415d7d14af0e4ca9fcbee7e801d11) Importer(815301076,1909f56bfc062723c751e8b465ee728b)
Start importing Assets/Meshes/Materials/parket.jpg using Guid(38d415d7d14af0e4ca9fcbee7e801d11) Importer(815301076,1909f56bfc062723c751e8b465ee728b)  -> (artifact id: '20f919107521068344013ea462bcfeaa') in 0.017320 seconds
  Import took 0.020246 seconds .

========================================================================
Received Import Request.
  Time since last request: 0.000246 seconds.
  path: Assets/Meshes/Materials/map.jpg
  artifactKey: Guid(1d08c0c7c67484f41b796a56b4433bf9) Importer(815301076,1909f56bfc062723c751e8b465ee728b)
Start importing Assets/Meshes/Materials/map.jpg using Guid(1d08c0c7c67484f41b796a56b4433bf9) Importer(815301076,1909f56bfc062723c751e8b465ee728b)  -> (artifact id: 'a622dba6c46be5b47ba1a1c481f99d93') in 0.022269 seconds
  Import took 0.024507 seconds .

========================================================================
Received Import Request.
  Time since last request: 0.000204 seconds.
  path: Assets/Meshes/Materials/walls.jpg
  artifactKey: Guid(37200161f7f533d4cad524e4ffe2489f) Importer(815301076,1909f56bfc062723c751e8b465ee728b)
Start importing Assets/Meshes/Materials/walls.jpg using Guid(37200161f7f533d4cad524e4ffe2489f) Importer(815301076,1909f56bfc062723c751e8b465ee728b)  -> (artifact id: 'd6750340ec6f9cd5ce0e763d7abbea1c') in 0.020280 seconds
  Import took 0.022915 seconds .

AssetImportWorkerClient::OnTransportError - code=2 error=End of file
